Logfile initialized
[INFO] logfile = D:\work\Android\Titanium Studio Workspace\com.nltd.t\build.log
[DEBUG] C:\Users\jhao\AppData\Roaming\Titanium\mobilesdk\win32\1.8.1\android\builder.py simulator com.nltd.t D:\work\Android\android-sdk-windows D:\work\Android\Titanium Studio Workspace\com.nltd.t com.nltd.t 3 QVGA
[INFO] Building com.nltd.t for Android ... one moment
[INFO] Titanium SDK version: 1.8.1 (01/27/12 17:31 a24502a)
[DEBUG] Waiting for device to be ready ...
[TRACE] adb devices returned 1 devices/emulators
[DEBUG] Device connected... (waited 0 seconds)
[DEBUG] waited 0.045000 seconds on emulator to get ready
[DEBUG] com.nltd.t installed? True
[INFO] Fastdev server running, deploying in Fastdev mode
[INFO] Copying project resources..
[TRACE] COPYING MODIFIED FILE: D:\work\Android\Titanium Studio Workspace\com.nltd.t\Resources\ui\common\ImagesView.js => D:\work\Android\Titanium Studio Workspace\com.nltd.t\build\android\bin\assets\Resources\ui\common\ImagesView.js
[INFO] Tiapp.xml unchanged, skipping class generation
[DEBUG] Processing Android resource drawables
[DEBUG] found drawable-long-land-hdpi splash screen at D:\work\Android\Titanium Studio Workspace\com.nltd.t\Resources\android\images\res-long-land-hdpi\default.png
[DEBUG] found drawable-long-land-ldpi splash screen at D:\work\Android\Titanium Studio Workspace\com.nltd.t\Resources\android\images\res-long-land-ldpi\default.png
[DEBUG] found drawable-long-port-hdpi splash screen at D:\work\Android\Titanium Studio Workspace\com.nltd.t\Resources\android\images\res-long-port-hdpi\default.png
[DEBUG] found drawable-long-port-ldpi splash screen at D:\work\Android\Titanium Studio Workspace\com.nltd.t\Resources\android\images\res-long-port-ldpi\default.png
[DEBUG] found drawable-notlong-land-hdpi splash screen at D:\work\Android\Titanium Studio Workspace\com.nltd.t\Resources\android\images\res-notlong-land-hdpi\default.png
[DEBUG] found drawable-notlong-land-ldpi splash screen at D:\work\Android\Titanium Studio Workspace\com.nltd.t\Resources\android\images\res-notlong-land-ldpi\default.png
[DEBUG] found drawable-notlong-land-mdpi splash screen at D:\work\Android\Titanium Studio Workspace\com.nltd.t\Resources\android\images\res-notlong-land-mdpi\default.png
[DEBUG] found drawable-notlong-port-hdpi splash screen at D:\work\Android\Titanium Studio Workspace\com.nltd.t\Resources\android\images\res-notlong-port-hdpi\default.png
[DEBUG] found drawable-notlong-port-ldpi splash screen at D:\work\Android\Titanium Studio Workspace\com.nltd.t\Resources\android\images\res-notlong-port-ldpi\default.png
[DEBUG] found drawable-notlong-port-mdpi splash screen at D:\work\Android\Titanium Studio Workspace\com.nltd.t\Resources\android\images\res-notlong-port-mdpi\default.png
[INFO] Waiting for SDCard to become available..
[INFO] Re-launching application ... com.nltd.t
[INFO] Launching application ... com.nltd.t
[TRACE] Launch output: Starting: Intent { act=android.intent.action.MAIN cat=[android.intent.category.LAUNCHER] cmp=com.nltd.t/.ComNltdTActivity }
Warning: Activity not started, its current task has been brought to the front

